
Circuit 1 cell sky130_fd_pr__pfet_01v8 and Circuit 2 cell sky130_fd_pr__pfet_01v8 are black boxes.
Warning: Equate pins:  cell sky130_fd_pr__pfet_01v8 is a placeholder, treated as a black box.
Warning: Equate pins:  cell sky130_fd_pr__pfet_01v8 is a placeholder, treated as a black box.

Subcircuit pins:
Circuit 1: sky130_fd_pr__pfet_01v8         |Circuit 2: sky130_fd_pr__pfet_01v8         
-------------------------------------------|-------------------------------------------
1                                          |1                                          
2                                          |2                                          
3                                          |3                                          
4                                          |4                                          
---------------------------------------------------------------------------------------
Cell pin lists are equivalent.
Device classes sky130_fd_pr__pfet_01v8 and sky130_fd_pr__pfet_01v8 are equivalent.

Circuit 1 cell sky130_fd_pr__nfet_01v8 and Circuit 2 cell sky130_fd_pr__nfet_01v8 are black boxes.
Warning: Equate pins:  cell sky130_fd_pr__nfet_01v8 is a placeholder, treated as a black box.
Warning: Equate pins:  cell sky130_fd_pr__nfet_01v8 is a placeholder, treated as a black box.

Subcircuit pins:
Circuit 1: sky130_fd_pr__nfet_01v8         |Circuit 2: sky130_fd_pr__nfet_01v8         
-------------------------------------------|-------------------------------------------
1                                          |1                                          
2                                          |2                                          
3                                          |3                                          
4                                          |4                                          
---------------------------------------------------------------------------------------
Cell pin lists are equivalent.
Device classes sky130_fd_pr__nfet_01v8 and sky130_fd_pr__nfet_01v8 are equivalent.
Flattening unmatched subcell sky130_fd_pr__pfet_01v8_VQXXLL in circuit pmosdiff (0)(4 instances)
Flattening unmatched subcell sky130_fd_pr__pfet_01v8_2XUZHN in circuit pmosdiff (0)(8 instances)

Class pmosdiff (0):  Merged 12 parallel devices.
Subcircuit summary:
Circuit 1: pmosdiff                        |Circuit 2: pmosdiff                        
-------------------------------------------|-------------------------------------------
sky130_fd_pr__pfet_01v8 (16->4)            |sky130_fd_pr__pfet_01v8 (16->4)            
Number of devices: 4                       |Number of devices: 4                       
Number of nets: 6                          |Number of nets: 6                          
---------------------------------------------------------------------------------------
Resolving symmetries by property value.
Resolving symmetries by pin name.
Netlists match uniquely.

Subcircuit pins:
Circuit 1: pmosdiff                        |Circuit 2: pmosdiff                        
-------------------------------------------|-------------------------------------------
VIP                                        |VIP                                        
VIN                                        |VIN                                        
D5                                         |D5                                         
VDD                                        |VDD                                        
D6                                         |D6                                         
OUT                                        |OUT                                        
---------------------------------------------------------------------------------------
Cell pin lists are equivalent.
Device classes pmosdiff and pmosdiff are equivalent.
Flattening unmatched subcell sky130_fd_pr__pfet_01v8_2ZH9AN in circuit pmoscs (0)(8 instances)
Flattening unmatched subcell sky130_fd_pr__pfet_01v8_SDE6B7 in circuit pmoscs (0)(4 instances)

Class pmoscs (0):  Merged 9 parallel devices.
Class pmoscs (1):  Merged 1 parallel devices.
Subcircuit summary:
Circuit 1: pmoscs                          |Circuit 2: pmoscs                          
-------------------------------------------|-------------------------------------------
sky130_fd_pr__pfet_01v8 (16->7)            |sky130_fd_pr__pfet_01v8 (16->7)            
Number of devices: 7                       |Number of devices: 7                       
Number of nets: 4                          |Number of nets: 4                          
---------------------------------------------------------------------------------------
Resolving symmetries by property value.
Resolving symmetries by pin name.
Netlists match uniquely.

Subcircuit pins:
Circuit 1: pmoscs                          |Circuit 2: pmoscs                          
-------------------------------------------|-------------------------------------------
d5                                         |D5                                         
d1                                         |D1                                         
vdd                                        |VDD                                        
d2                                         |D2                                         
---------------------------------------------------------------------------------------
Cell pin lists are equivalent.
Device classes pmoscs and pmoscs are equivalent.
Flattening unmatched subcell sky130_fd_pr__nfet_01v8_H42E3S in circuit nmosdiff (0)(2 instances)
Flattening unmatched subcell sky130_fd_pr__nfet_01v8_6H9P4D in circuit nmosdiff (0)(4 instances)

Class nmosdiff (0):  Merged 8 parallel devices.
Subcircuit summary:
Circuit 1: nmosdiff                        |Circuit 2: nmosdiff                        
-------------------------------------------|-------------------------------------------
sky130_fd_pr__nfet_01v8 (12->4)            |sky130_fd_pr__nfet_01v8 (12->4)            
Number of devices: 4                       |Number of devices: 4                       
Number of nets: 3                          |Number of nets: 3                          
---------------------------------------------------------------------------------------
Netlists match uniquely.

Subcircuit pins:
Circuit 1: nmosdiff                        |Circuit 2: nmosdiff                        
-------------------------------------------|-------------------------------------------
OUT                                        |OUT                                        
D6                                         |D6                                         
GND                                        |GND                                        
---------------------------------------------------------------------------------------
Cell pin lists are equivalent.
Device classes nmosdiff and nmosdiff are equivalent.
Flattening unmatched subcell sky130_fd_pr__nfet_01v8_6C7GGL in circuit nmoscs (0)(4 instances)
Flattening unmatched subcell sky130_fd_pr__nfet_01v8_46AA6M in circuit nmoscs (0)(1 instance)

Class nmoscs (0):  Merged 4 parallel devices.
Subcircuit summary:
Circuit 1: nmoscs                          |Circuit 2: nmoscs                          
-------------------------------------------|-------------------------------------------
sky130_fd_pr__nfet_01v8 (8->4)             |sky130_fd_pr__nfet_01v8 (8->4)             
Number of devices: 4                       |Number of devices: 4                       
Number of nets: 4                          |Number of nets: 4                          
---------------------------------------------------------------------------------------
Netlists match uniquely with property errors.
sky130_fd_pr__nfet_01v8_46AA6M_0/sky130_fd_pr__nfet_01v8:2 vs. sky130_fd_pr__nfet_01v8:M3:
 l circuit1: 1   circuit2: 1e-06   (delta=200%, cutoff=1%)
 w circuit1: 2   circuit2: 2e-06   (delta=200%, cutoff=1%)
sky130_fd_pr__nfet_01v8_46AA6M_0/sky130_fd_pr__nfet_01v8:0 vs. sky130_fd_pr__nfet_01v8:M4:
 l circuit1: 1   circuit2: 1e-06   (delta=200%, cutoff=1%)
 w circuit1: 2   circuit2: 2e-06   (delta=200%, cutoff=1%)
sky130_fd_pr__nfet_01v8_6C7GGL_0/sky130_fd_pr__nfet_01v8:0 vs. sky130_fd_pr__nfet_01v8:M1:
 l circuit1: 0.15   circuit2: 1.5e-07   (delta=200%, cutoff=1%)
 w circuit1: 2   circuit2: 2e-06   (delta=200%, cutoff=1%)
sky130_fd_pr__nfet_01v8_6C7GGL_2/sky130_fd_pr__nfet_01v8:0 vs. sky130_fd_pr__nfet_01v8:M2:
 l circuit1: 0.15   circuit2: 1.5e-07   (delta=200%, cutoff=1%)
 w circuit1: 2   circuit2: 2e-06   (delta=200%, cutoff=1%)

Subcircuit pins:
Circuit 1: nmoscs                          |Circuit 2: nmoscs                          
-------------------------------------------|-------------------------------------------
RS                                         |RS                                         
D4                                         |D4                                         
GND                                        |GND                                        
D3                                         |D3                                         
---------------------------------------------------------------------------------------
Cell pin lists are equivalent.
Device classes nmoscs and nmoscs are equivalent.

Subcircuit summary:
Circuit 1: opamp                           |Circuit 2: opamp                           
-------------------------------------------|-------------------------------------------
pmosdiff (1)                               |pmosdiff (1)                               
pmoscs (1)                                 |pmoscs (1)                                 
nmosdiff (1)                               |nmosdiff (1)                               
nmoscs (1)                                 |nmoscs (1)                                 
Number of devices: 4                       |Number of devices: 4                       
Number of nets: 10                         |Number of nets: 10                         
---------------------------------------------------------------------------------------
Netlists match uniquely.

Subcircuit pins:
Circuit 1: opamp                           |Circuit 2: opamp                           
-------------------------------------------|-------------------------------------------
RS                                         |RS                                         
VIN                                        |VIN                                        
VIP                                        |VIP                                        
VDD                                        |VDD                                        
GND                                        |GND                                        
OUT                                        |OUT                                        
---------------------------------------------------------------------------------------
Cell pin lists are equivalent.
Device classes opamp and opamp are equivalent.

Final result: Circuits match uniquely.
.

The following cells had property errors:
 nmoscs
